IQ-TREE multicore version 2.3.6.4.mixlink for Windows 64-bit built Aug 16 2024
Developed by Bui Quang Minh, Nguyen Lam Tung, Olga Chernomor, Heiko Schmidt,
Dominik Schrempf, Michael Woodhams, Ly Trong Nhan, Thomas Wong

Host:    LAPTOP-3S79O3C7 (AVX2, FMA3, 15 GB RAM)
Command: C:\Windows\system32\iqtree2.exe -S Q1F1.best_model.nex -te Q1F1.treefile --model-joint MIX{GTR20+F3} --init-exchange GTRPMIX -mdef Qplant.F2.GTRPMIX.nex -pre Qplant.F3
Seed:    913282 (Using SPRNG - Scalable Parallel Random Number Generator)
Time:    Fri Aug 16 23:20:19 2024
Kernel:  AVX+FMA - 1 threads (8 CPU cores detected)

HINT: Use -nt option to specify number of threads because your CPU has 8 cores!
HINT: -nt AUTO will automatically determine the best number of threads to use.

Reading partition model file Q1F1.best_model.nex ...

Loading 10 partitions...
Reading alignment file example_genes/GENE_4471.nex ... Nexus format detected
Alignment has 11 sequences with 493 columns, 342 distinct patterns
199 parsimony-informative, 117 singleton sites, 177 constant sites
              Gap/Ambiguity  Composition  p-value
Analyzing sequences: done in 7.79e-005 secs
   1  ODDO            0.20%    passed     99.96%
   2  AAXJ            1.22%    passed     99.96%
   3  AUGV            1.01%    passed     99.99%
   4  Arath_TAIR10    2.03%    passed     96.26%
   5  Musac_v1.0      0.61%    passed     99.90%
   6  BPKH            1.42%    passed    100.00%
   7  URDJ            2.03%    passed     95.77%
   8  YFZK           12.17%    passed     99.40%
   9  PIVW            4.67%    passed     99.81%
  10  Chlre_v5.5      3.25%    failed      0.05%
  11  JOJQ            3.45%    passed     69.44%
****  TOTAL           2.91%  1 sequences failed composition chi2 test (p-value<5%; df=19)
Reading alignment file example_genes/GENE_4519.nex ... Nexus format detected
WARNING: 1 sites contain only gaps or ambiguous characters.
Alignment has 10 sequences with 817 columns, 658 distinct patterns
250 parsimony-informative, 305 singleton sites, 262 constant sites
              Gap/Ambiguity  Composition  p-value
Analyzing sequences: done in 4.98e-005 secs
   1  ODDO           28.15%    passed     94.85%
   2  AAXJ            3.92%    passed     67.51%
   3  AUGV           59.49%    passed     94.88%
   4  Arath_TAIR10    2.33%    passed     57.14%
   5  Musac_v1.0     22.03%    passed     93.19%
   6  BPKH           27.66%    passed     89.01%
   7  URDJ           25.09%    passed     84.87%
   8  PIVW           37.21%    passed     37.23%
   9  Chlre_v5.5     16.28%    failed      0.00%
  10  JOJQ           17.63%    failed      0.00%
WARNING: 1 sequences contain more than 50% gaps/ambiguity
****  TOTAL          23.98%  2 sequences failed composition chi2 test (p-value<5%; df=19)
Reading alignment file example_genes/GENE_4527.nex ... Nexus format detected
Alignment has 9 sequences with 444 columns, 272 distinct patterns
130 parsimony-informative, 124 singleton sites, 190 constant sites
              Gap/Ambiguity  Composition  p-value
Analyzing sequences: done in 4.61e-005 secs
   1  ODDO            1.58%    passed     99.99%
   2  AUGV            1.35%    passed     99.97%
   3  Arath_TAIR10    0.45%    passed     97.89%
   4  BPKH            0.45%    passed     99.89%
   5  URDJ            0.90%    passed     99.98%
   6  YFZK            2.93%    passed    100.00%
   7  PIVW            4.28%    passed     97.52%
   8  Chlre_v5.5      2.03%    passed     20.11%
   9  JOJQ            1.58%    passed     99.99%
****  TOTAL           1.73%  0 sequences failed composition chi2 test (p-value<5%; df=19)
Reading alignment file example_genes/GENE_4603.nex ... Nexus format detected
WARNING: 5 sites contain only gaps or ambiguous characters.
Alignment has 10 sequences with 836 columns, 757 distinct patterns
330 parsimony-informative, 389 singleton sites, 117 constant sites
            Gap/Ambiguity  Composition  p-value
Analyzing sequences: done in 7.33e-005 secs
   1  ODDO          5.98%    passed     89.49%
   2  AAXJ         44.98%    passed     84.64%
   3  AUGV          4.55%    passed     97.58%
   4  Musac_v1.0    7.18%    passed     76.80%
   5  BPKH          7.30%    passed     63.14%
   6  URDJ          5.62%    passed     99.13%
   7  YFZK          4.19%    passed     93.42%
   8  PIVW         11.48%    passed     99.53%
   9  Chlre_v5.5   13.76%    failed      0.00%
  10  JOJQ         48.09%    passed     24.90%
****  TOTAL        15.31%  1 sequences failed composition chi2 test (p-value<5%; df=19)
Reading alignment file example_genes/GENE_4691.nex ... Nexus format detected
WARNING: 4 sites contain only gaps or ambiguous characters.
Alignment has 10 sequences with 233 columns, 163 distinct patterns
62 parsimony-informative, 63 singleton sites, 108 constant sites
              Gap/Ambiguity  Composition  p-value
Analyzing sequences: done in 3.3e-005 secs
   1  ODDO            6.87%    passed     95.71%
   2  AAXJ            7.30%    passed     99.94%
   3  AUGV           21.89%    passed     99.65%
   4  Arath_TAIR10   21.89%    passed     99.66%
   5  Musac_v1.0     22.32%    passed    100.00%
   6  BPKH           15.02%    passed     99.61%
   7  URDJ           17.17%    passed     99.94%
   8  YFZK            9.87%    passed     99.77%
   9  PIVW           21.03%    passed     96.60%
  10  JOJQ           33.05%    passed     99.45%
****  TOTAL          17.64%  0 sequences failed composition chi2 test (p-value<5%; df=19)
Reading alignment file example_genes/GENE_4724.nex ... Nexus format detected
WARNING: 1 sites contain only gaps or ambiguous characters.
Alignment has 10 sequences with 279 columns, 212 distinct patterns
87 parsimony-informative, 92 singleton sites, 100 constant sites
              Gap/Ambiguity  Composition  p-value
Analyzing sequences: done in 3.96e-005 secs
   1  ODDO            7.53%    passed     98.36%
   2  AAXJ            5.02%    passed     99.34%
   3  AUGV           14.34%    passed     94.62%
   4  Arath_TAIR10    8.96%    passed     94.30%
   5  Musac_v1.0     12.90%    passed     99.93%
   6  URDJ           17.20%    passed    100.00%
   7  YFZK           16.49%    passed     99.96%
   8  PIVW           16.85%    passed     99.69%
   9  Chlre_v5.5     15.41%    passed     41.93%
  10  JOJQ           16.49%    passed     61.71%
****  TOTAL          13.12%  0 sequences failed composition chi2 test (p-value<5%; df=19)
Reading alignment file example_genes/GENE_4744.nex ... Nexus format detected
WARNING: 2 sites contain only gaps or ambiguous characters.
Alignment has 11 sequences with 547 columns, 453 distinct patterns
199 parsimony-informative, 208 singleton sites, 140 constant sites
              Gap/Ambiguity  Composition  p-value
Analyzing sequences: done in 4.1e-005 secs
   1  ODDO            5.12%    passed     94.04%
   2  AAXJ            2.93%    passed     99.79%
   3  AUGV            2.56%    passed     99.71%
   4  Arath_TAIR10    2.19%    passed     89.19%
   5  Musac_v1.0     10.97%    passed     99.95%
   6  BPKH            7.13%    passed     99.60%
   7  URDJ            2.19%    passed    100.00%
   8  YFZK            3.29%    passed     97.48%
   9  PIVW           59.05%    passed     96.80%
  10  Chlre_v5.5     57.40%    failed      0.00%
  11  JOJQ           51.37%    passed      9.31%
WARNING: 3 sequences contain more than 50% gaps/ambiguity
****  TOTAL          18.56%  1 sequences failed composition chi2 test (p-value<5%; df=19)
Reading alignment file example_genes/GENE_4757.nex ... Nexus format detected
WARNING: 12 sites contain only gaps or ambiguous characters.
Alignment has 8 sequences with 239 columns, 145 distinct patterns
46 parsimony-informative, 72 singleton sites, 121 constant sites
            Gap/Ambiguity  Composition  p-value
Analyzing sequences: done in 3.36e-005 secs
   1  ODDO         12.55%    passed     99.93%
   2  AAXJ         11.72%    passed    100.00%
   3  BPKH         11.30%    passed    100.00%
   4  URDJ          9.21%    passed     99.86%
   5  YFZK         15.06%    passed     99.99%
   6  PIVW         15.90%    passed     99.99%
   7  Chlre_v5.5   11.72%    passed     99.54%
   8  JOJQ         16.74%    passed     98.97%
****  TOTAL        13.02%  0 sequences failed composition chi2 test (p-value<5%; df=19)
Reading alignment file example_genes/GENE_4793.nex ... Nexus format detected
WARNING: 1 sites contain only gaps or ambiguous characters.
Alignment has 10 sequences with 907 columns, 842 distinct patterns
406 parsimony-informative, 388 singleton sites, 113 constant sites
            Gap/Ambiguity  Composition  p-value
Analyzing sequences: done in 6.07e-005 secs
   1  ODDO         12.46%    passed     51.57%
   2  AAXJ         11.36%    passed     85.34%
   3  AUGV         16.65%    passed     71.32%
   4  Musac_v1.0   12.90%    passed     71.24%
   5  BPKH         12.79%    passed     94.80%
   6  URDJ          9.70%    passed     92.28%
   7  YFZK         11.80%    passed     17.42%
   8  PIVW         31.42%    passed     73.60%
   9  Chlre_v5.5   17.75%    failed      0.00%
  10  JOJQ          6.95%    failed      0.02%
****  TOTAL        14.38%  2 sequences failed composition chi2 test (p-value<5%; df=19)
Reading alignment file example_genes/GENE_4796.nex ... Nexus format detected
WARNING: 3 sites contain only gaps or ambiguous characters.
Alignment has 10 sequences with 382 columns, 293 distinct patterns
126 parsimony-informative, 112 singleton sites, 144 constant sites
              Gap/Ambiguity  Composition  p-value
Analyzing sequences: done in 6.34e-005 secs
   1  ODDO           10.21%    passed     82.32%
   2  AAXJ           10.73%    passed     99.36%
   3  AUGV            7.33%    passed    100.00%
   4  Arath_TAIR10    9.42%    passed     98.12%
   5  Musac_v1.0      7.33%    passed     99.49%
   6  BPKH           28.53%    passed     98.42%
   7  URDJ            8.38%    passed     99.61%
   8  YFZK            6.28%    passed     98.98%
   9  PIVW           15.45%    passed     98.08%
  10  JOJQ           33.25%    passed     52.77%
****  TOTAL          13.69%  0 sequences failed composition chi2 test (p-value<5%; df=19)
Subset	Type	Seqs	Sites	Infor	Invar	Model	Name
1	AA	11	493	199	177	LG+I{0.231117}+G4{1.37705}	GENE_4471.nex
2	AA	10	817	250	262	LG+F+G4{0.599251}	GENE_4519.nex
3	AA	9	444	130	190	LG+G4{0.503033}	GENE_4527.nex
4	AA	10	836	330	117	JTT+G4{0.957846}	GENE_4603.nex
5	AA	10	233	62	108	LG+G4{0.454442}	GENE_4691.nex
6	AA	10	279	87	100	WAG+G4{0.539945}	GENE_4724.nex
7	AA	11	547	199	140	JTT+G4{1.0101}	GENE_4744.nex
8	AA	8	239	46	121	JTT+G4{0.445429}	GENE_4757.nex
9	AA	10	907	406	113	JTT+G4{1.04145}	GENE_4793.nex
10	AA	10	382	126	144	LG+G4{0.442575}	GENE_4796.nex
Linked 11 total sequences
Reading model definition file Qplant.F2.GTRPMIX.nex ... 87 models and 214 frequency vectors loaded
Reading input tree file Q1F1.treefile ...
Linking MIX{GTR20+FO,GTR20+FO,GTR20+FO} model across 10 partitions
Mean state frequencies: 0.08136866 0.05113381 0.03561145 0.05959237 0.01912175 0.03624134 0.06076217 0.07250517 0.02506074 0.05032394 0.10393232 0.05599298 0.02065149 0.04170791 0.04476739 0.08701520 0.04494736 0.01154054 0.02643301 0.07129038

NOTE: 81 MB RAM (0 GB) is required!
Estimate model parameters (epsilon = 0.010)
Partition GENE_4793.nex / Model: MIX{GTR20+FO,GTR20+FO,GTR20+FO}+G4 / df: 17 / LogL: -13595.451
Partition GENE_4603.nex / Model: MIX{GTR20+FO,GTR20+FO,GTR20+FO}+G4 / df: 17 / LogL: -12090.625
Partition GENE_4519.nex / Model: MIX{GTR20+FO,GTR20+FO,GTR20+FO}+G4 / df: 17 / LogL: -9590.737
Partition GENE_4744.nex / Model: MIX{GTR20+FO,GTR20+FO,GTR20+FO}+G4 / df: 19 / LogL: -6481.458
Partition GENE_4471.nex / Model: MIX{GTR20+FO,GTR20+FO,GTR20+FO}+I+G4 / df: 19 / LogL: -6059.165
Partition GENE_4796.nex / Model: MIX{GTR20+FO,GTR20+FO,GTR20+FO}+G4 / df: 17 / LogL: -4353.645
Partition GENE_4527.nex / Model: MIX{GTR20+FO,GTR20+FO,GTR20+FO}+G4 / df: 15 / LogL: -4431.616
Partition GENE_4724.nex / Model: MIX{GTR20+FO,GTR20+FO,GTR20+FO}+G4 / df: 17 / LogL: -3216.614
Partition GENE_4691.nex / Model: MIX{GTR20+FO,GTR20+FO,GTR20+FO}+G4 / df: 17 / LogL: -2218.168
Partition GENE_4757.nex / Model: MIX{GTR20+FO,GTR20+FO,GTR20+FO}+G4 / df: 13 / LogL: -1899.132
1. Log-likelihood: -63936.611
Optimizing linked MIX{GTR20+FO,GTR20+FO,GTR20+FO} parameters across all partitions (248 free parameters)
Restart estimation at the boundary... 
1. Log-likelihood: -63850.209
Partition GENE_4793.nex / Model: MIX{GTR20+FO,GTR20+FO,GTR20+FO}+G4 / df: 17 / LogL: -13581.968
Partition GENE_4603.nex / Model: MIX{GTR20+FO,GTR20+FO,GTR20+FO}+G4 / df: 17 / LogL: -12078.611
Partition GENE_4519.nex / Model: MIX{GTR20+FO,GTR20+FO,GTR20+FO}+G4 / df: 17 / LogL: -9562.374
Partition GENE_4744.nex / Model: MIX{GTR20+FO,GTR20+FO,GTR20+FO}+G4 / df: 19 / LogL: -6473.586
Partition GENE_4471.nex / Model: MIX{GTR20+FO,GTR20+FO,GTR20+FO}+I+G4 / df: 19 / LogL: -6045.154
Partition GENE_4796.nex / Model: MIX{GTR20+FO,GTR20+FO,GTR20+FO}+G4 / df: 17 / LogL: -4352.970
Partition GENE_4527.nex / Model: MIX{GTR20+FO,GTR20+FO,GTR20+FO}+G4 / df: 15 / LogL: -4421.576
Partition GENE_4724.nex / Model: MIX{GTR20+FO,GTR20+FO,GTR20+FO}+G4 / df: 17 / LogL: -3213.109
Partition GENE_4691.nex / Model: MIX{GTR20+FO,GTR20+FO,GTR20+FO}+G4 / df: 17 / LogL: -2219.574
Partition GENE_4757.nex / Model: MIX{GTR20+FO,GTR20+FO,GTR20+FO}+G4 / df: 13 / LogL: -1900.848
2. Log-likelihood: -63849.769
Optimizing linked MIX{GTR20+FO,GTR20+FO,GTR20+FO} parameters across all partitions (248 free parameters)
Restart estimation at the boundary... 
Restart estimation at the boundary... 
2. Log-likelihood: -63751.183
Partition GENE_4793.nex / Model: MIX{GTR20+FO,GTR20+FO,GTR20+FO}+G4 / df: 17 / LogL: -13571.606
Partition GENE_4603.nex / Model: MIX{GTR20+FO,GTR20+FO,GTR20+FO}+G4 / df: 17 / LogL: -12068.934
Partition GENE_4519.nex / Model: MIX{GTR20+FO,GTR20+FO,GTR20+FO}+G4 / df: 17 / LogL: -9548.166
Partition GENE_4744.nex / Model: MIX{GTR20+FO,GTR20+FO,GTR20+FO}+G4 / df: 19 / LogL: -6466.958
Partition GENE_4471.nex / Model: MIX{GTR20+FO,GTR20+FO,GTR20+FO}+I+G4 / df: 19 / LogL: -6021.883
Partition GENE_4796.nex / Model: MIX{GTR20+FO,GTR20+FO,GTR20+FO}+G4 / df: 17 / LogL: -4338.762
Partition GENE_4527.nex / Model: MIX{GTR20+FO,GTR20+FO,GTR20+FO}+G4 / df: 15 / LogL: -4418.175
Partition GENE_4724.nex / Model: MIX{GTR20+FO,GTR20+FO,GTR20+FO}+G4 / df: 17 / LogL: -3205.656
Partition GENE_4691.nex / Model: MIX{GTR20+FO,GTR20+FO,GTR20+FO}+G4 / df: 17 / LogL: -2215.634
Partition GENE_4757.nex / Model: MIX{GTR20+FO,GTR20+FO,GTR20+FO}+G4 / df: 13 / LogL: -1889.505
3. Log-likelihood: -63745.279
Optimizing linked MIX{GTR20+FO,GTR20+FO,GTR20+FO} parameters across all partitions (248 free parameters)
Restart estimation at the boundary... 
3. Log-likelihood: -63636.660
Partition GENE_4793.nex / Model: MIX{GTR20+FO,GTR20+FO,GTR20+FO}+G4 / df: 17 / LogL: -13543.190
Partition GENE_4603.nex / Model: MIX{GTR20+FO,GTR20+FO,GTR20+FO}+G4 / df: 17 / LogL: -12052.146
Partition GENE_4519.nex / Model: MIX{GTR20+FO,GTR20+FO,GTR20+FO}+G4 / df: 17 / LogL: -9526.971
Partition GENE_4744.nex / Model: MIX{GTR20+FO,GTR20+FO,GTR20+FO}+G4 / df: 19 / LogL: -6457.836
Partition GENE_4471.nex / Model: MIX{GTR20+FO,GTR20+FO,GTR20+FO}+I+G4 / df: 19 / LogL: -6008.076
Partition GENE_4796.nex / Model: MIX{GTR20+FO,GTR20+FO,GTR20+FO}+G4 / df: 17 / LogL: -4344.686
Partition GENE_4527.nex / Model: MIX{GTR20+FO,GTR20+FO,GTR20+FO}+G4 / df: 15 / LogL: -4410.551
Partition GENE_4724.nex / Model: MIX{GTR20+FO,GTR20+FO,GTR20+FO}+G4 / df: 17 / LogL: -3193.435
Partition GENE_4691.nex / Model: MIX{GTR20+FO,GTR20+FO,GTR20+FO}+G4 / df: 17 / LogL: -2205.289
Partition GENE_4757.nex / Model: MIX{GTR20+FO,GTR20+FO,GTR20+FO}+G4 / df: 13 / LogL: -1891.191
4. Log-likelihood: -63633.370
Optimizing linked MIX{GTR20+FO,GTR20+FO,GTR20+FO} parameters across all partitions (248 free parameters)
Restart estimation at the boundary... 
4. Log-likelihood: -63606.325
Partition GENE_4793.nex / Model: MIX{GTR20+FO,GTR20+FO,GTR20+FO}+G4 / df: 17 / LogL: -13531.701
Partition GENE_4603.nex / Model: MIX{GTR20+FO,GTR20+FO,GTR20+FO}+G4 / df: 17 / LogL: -12043.403
Partition GENE_4519.nex / Model: MIX{GTR20+FO,GTR20+FO,GTR20+FO}+G4 / df: 17 / LogL: -9518.413
Partition GENE_4744.nex / Model: MIX{GTR20+FO,GTR20+FO,GTR20+FO}+G4 / df: 19 / LogL: -6459.942
Partition GENE_4471.nex / Model: MIX{GTR20+FO,GTR20+FO,GTR20+FO}+I+G4 / df: 19 / LogL: -6007.355
Partition GENE_4796.nex / Model: MIX{GTR20+FO,GTR20+FO,GTR20+FO}+G4 / df: 17 / LogL: -4343.543
Partition GENE_4527.nex / Model: MIX{GTR20+FO,GTR20+FO,GTR20+FO}+G4 / df: 15 / LogL: -4410.001
Partition GENE_4724.nex / Model: MIX{GTR20+FO,GTR20+FO,GTR20+FO}+G4 / df: 17 / LogL: -3192.767
Partition GENE_4691.nex / Model: MIX{GTR20+FO,GTR20+FO,GTR20+FO}+G4 / df: 17 / LogL: -2207.520
Partition GENE_4757.nex / Model: MIX{GTR20+FO,GTR20+FO,GTR20+FO}+G4 / df: 13 / LogL: -1891.613
5. Log-likelihood: -63606.257
Optimizing linked MIX{GTR20+FO,GTR20+FO,GTR20+FO} parameters across all partitions (248 free parameters)
Restart estimation at the boundary... 
5. Log-likelihood: -63601.311
Partition GENE_4793.nex / Model: MIX{GTR20+FO,GTR20+FO,GTR20+FO}+G4 / df: 17 / LogL: -13529.756
Partition GENE_4603.nex / Model: MIX{GTR20+FO,GTR20+FO,GTR20+FO}+G4 / df: 17 / LogL: -12046.476
Partition GENE_4519.nex / Model: MIX{GTR20+FO,GTR20+FO,GTR20+FO}+G4 / df: 17 / LogL: -9519.060
Partition GENE_4744.nex / Model: MIX{GTR20+FO,GTR20+FO,GTR20+FO}+G4 / df: 19 / LogL: -6455.574
Partition GENE_4471.nex / Model: MIX{GTR20+FO,GTR20+FO,GTR20+FO}+I+G4 / df: 19 / LogL: -6006.661
Partition GENE_4796.nex / Model: MIX{GTR20+FO,GTR20+FO,GTR20+FO}+G4 / df: 17 / LogL: -4341.708
Partition GENE_4527.nex / Model: MIX{GTR20+FO,GTR20+FO,GTR20+FO}+G4 / df: 15 / LogL: -4409.452
Partition GENE_4724.nex / Model: MIX{GTR20+FO,GTR20+FO,GTR20+FO}+G4 / df: 17 / LogL: -3193.819
Partition GENE_4691.nex / Model: MIX{GTR20+FO,GTR20+FO,GTR20+FO}+G4 / df: 17 / LogL: -2207.206
Partition GENE_4757.nex / Model: MIX{GTR20+FO,GTR20+FO,GTR20+FO}+G4 / df: 13 / LogL: -1891.571
6. Log-likelihood: -63601.283
Optimizing linked MIX{GTR20+FO,GTR20+FO,GTR20+FO} parameters across all partitions (248 free parameters)
Restart estimation at the boundary... 
6. Log-likelihood: -63600.015
Partition GENE_4793.nex / Model: MIX{GTR20+FO,GTR20+FO,GTR20+FO}+G4 / df: 17 / LogL: -13529.769
Partition GENE_4603.nex / Model: MIX{GTR20+FO,GTR20+FO,GTR20+FO}+G4 / df: 17 / LogL: -12044.357
Partition GENE_4519.nex / Model: MIX{GTR20+FO,GTR20+FO,GTR20+FO}+G4 / df: 17 / LogL: -9519.085
Partition GENE_4744.nex / Model: MIX{GTR20+FO,GTR20+FO,GTR20+FO}+G4 / df: 19 / LogL: -6458.562
Partition GENE_4471.nex / Model: MIX{GTR20+FO,GTR20+FO,GTR20+FO}+I+G4 / df: 19 / LogL: -6006.414
Partition GENE_4796.nex / Model: MIX{GTR20+FO,GTR20+FO,GTR20+FO}+G4 / df: 17 / LogL: -4342.311
Partition GENE_4527.nex / Model: MIX{GTR20+FO,GTR20+FO,GTR20+FO}+G4 / df: 15 / LogL: -4408.591
Partition GENE_4724.nex / Model: MIX{GTR20+FO,GTR20+FO,GTR20+FO}+G4 / df: 17 / LogL: -3192.786
Partition GENE_4691.nex / Model: MIX{GTR20+FO,GTR20+FO,GTR20+FO}+G4 / df: 17 / LogL: -2207.037
Partition GENE_4757.nex / Model: MIX{GTR20+FO,GTR20+FO,GTR20+FO}+G4 / df: 13 / LogL: -1891.095
7. Log-likelihood: -63600.007
Optimizing linked MIX{GTR20+FO,GTR20+FO,GTR20+FO} parameters across all partitions (248 free parameters)
Restart estimation at the boundary... 
7. Log-likelihood: -63597.611
Partition GENE_4793.nex / Model: MIX{GTR20+FO,GTR20+FO,GTR20+FO}+G4 / df: 17 / LogL: -13528.347
Partition GENE_4603.nex / Model: MIX{GTR20+FO,GTR20+FO,GTR20+FO}+G4 / df: 17 / LogL: -12045.202
Partition GENE_4519.nex / Model: MIX{GTR20+FO,GTR20+FO,GTR20+FO}+G4 / df: 17 / LogL: -9518.787
Partition GENE_4744.nex / Model: MIX{GTR20+FO,GTR20+FO,GTR20+FO}+G4 / df: 19 / LogL: -6457.026
Partition GENE_4471.nex / Model: MIX{GTR20+FO,GTR20+FO,GTR20+FO}+I+G4 / df: 19 / LogL: -6006.166
Partition GENE_4796.nex / Model: MIX{GTR20+FO,GTR20+FO,GTR20+FO}+G4 / df: 17 / LogL: -4341.828
Partition GENE_4527.nex / Model: MIX{GTR20+FO,GTR20+FO,GTR20+FO}+G4 / df: 15 / LogL: -4408.587
Partition GENE_4724.nex / Model: MIX{GTR20+FO,GTR20+FO,GTR20+FO}+G4 / df: 17 / LogL: -3193.526
Partition GENE_4691.nex / Model: MIX{GTR20+FO,GTR20+FO,GTR20+FO}+G4 / df: 17 / LogL: -2206.856
Partition GENE_4757.nex / Model: MIX{GTR20+FO,GTR20+FO,GTR20+FO}+G4 / df: 13 / LogL: -1891.281
8. Log-likelihood: -63597.606
Optimizing linked MIX{GTR20+FO,GTR20+FO,GTR20+FO} parameters across all partitions (248 free parameters)
Restart estimation at the boundary... 
8. Log-likelihood: -63597.056
Partition GENE_4793.nex / Model: MIX{GTR20+FO,GTR20+FO,GTR20+FO}+G4 / df: 17 / LogL: -13527.941
Partition GENE_4603.nex / Model: MIX{GTR20+FO,GTR20+FO,GTR20+FO}+G4 / df: 17 / LogL: -12045.616
Partition GENE_4519.nex / Model: MIX{GTR20+FO,GTR20+FO,GTR20+FO}+G4 / df: 17 / LogL: -9518.907
Partition GENE_4744.nex / Model: MIX{GTR20+FO,GTR20+FO,GTR20+FO}+G4 / df: 19 / LogL: -6456.870
Partition GENE_4471.nex / Model: MIX{GTR20+FO,GTR20+FO,GTR20+FO}+I+G4 / df: 19 / LogL: -6005.973
Partition GENE_4796.nex / Model: MIX{GTR20+FO,GTR20+FO,GTR20+FO}+G4 / df: 17 / LogL: -4341.606
Partition GENE_4527.nex / Model: MIX{GTR20+FO,GTR20+FO,GTR20+FO}+G4 / df: 15 / LogL: -4408.441
Partition GENE_4724.nex / Model: MIX{GTR20+FO,GTR20+FO,GTR20+FO}+G4 / df: 17 / LogL: -3193.580
Partition GENE_4691.nex / Model: MIX{GTR20+FO,GTR20+FO,GTR20+FO}+G4 / df: 17 / LogL: -2206.854
Partition GENE_4757.nex / Model: MIX{GTR20+FO,GTR20+FO,GTR20+FO}+G4 / df: 13 / LogL: -1891.267
9. Log-likelihood: -63597.055
Optimizing linked MIX{GTR20+FO,GTR20+FO,GTR20+FO} parameters across all partitions (248 free parameters)
Restart estimation at the boundary... 
9. Log-likelihood: -63596.572
Partition GENE_4793.nex / Model: MIX{GTR20+FO,GTR20+FO,GTR20+FO}+G4 / df: 17 / LogL: -13527.310
Partition GENE_4603.nex / Model: MIX{GTR20+FO,GTR20+FO,GTR20+FO}+G4 / df: 17 / LogL: -12044.947
Partition GENE_4519.nex / Model: MIX{GTR20+FO,GTR20+FO,GTR20+FO}+G4 / df: 17 / LogL: -9519.368
Partition GENE_4744.nex / Model: MIX{GTR20+FO,GTR20+FO,GTR20+FO}+G4 / df: 19 / LogL: -6457.634
Partition GENE_4471.nex / Model: MIX{GTR20+FO,GTR20+FO,GTR20+FO}+I+G4 / df: 19 / LogL: -6006.021
Partition GENE_4796.nex / Model: MIX{GTR20+FO,GTR20+FO,GTR20+FO}+G4 / df: 17 / LogL: -4341.613
Partition GENE_4527.nex / Model: MIX{GTR20+FO,GTR20+FO,GTR20+FO}+G4 / df: 15 / LogL: -4408.483
Partition GENE_4724.nex / Model: MIX{GTR20+FO,GTR20+FO,GTR20+FO}+G4 / df: 17 / LogL: -3193.159
Partition GENE_4691.nex / Model: MIX{GTR20+FO,GTR20+FO,GTR20+FO}+G4 / df: 17 / LogL: -2206.894
Partition GENE_4757.nex / Model: MIX{GTR20+FO,GTR20+FO,GTR20+FO}+G4 / df: 13 / LogL: -1891.140
10. Log-likelihood: -63596.569
Optimizing linked MIX{GTR20+FO,GTR20+FO,GTR20+FO} parameters across all partitions (248 free parameters)
Restart estimation at the boundary... 
10. Log-likelihood: -63595.135
Optimal log-likelihood: -63595.135
Mixture weights: 0.155 0.459 0.386
Wrote distance file to... 
Partition information was printed to Qplant.F3.best_model.nex
BEST SCORE FOUND : -63595.135
Total tree length: 60.384

Total number of iterations: 0
CPU time used for tree search: 0.000 sec (0h:0m:0s)
Wall-clock time used for tree search: 0.000 sec (0h:0m:0s)
Total CPU time used: 2329.000 sec (0h:38m:49s)
Total wall-clock time used: 6238.103 sec (1h:43m:58s)

Analysis results written to: 
  IQ-TREE report:                Qplant.F3.iqtree
  Maximum-likelihood tree:       Qplant.F3.treefile
  Screen log file:               Qplant.F3.log
  GTRPMIX nex file:              Qplant.F3.GTRPMIX.nex

Date and Time: Sat Aug 17 01:04:18 2024
