IQ-TREE multicore version 2.3.6.5.ml for Linux x86 64-bit built Sep 11 2024
Developed by Bui Quang Minh, Nguyen Lam Tung, Olga Chernomor, Heiko Schmidt,
Dominik Schrempf, Michael Woodhams, Ly Trong Nhan, Thomas Wong

Host:    rona.rsb.anu.edu.au (AVX2, FMA3, 1007 GB RAM)
Command: ./iqtree2 -T 52 -S example_output/Q1F1.best_model.nex -te example_output/Q1F1.treefile --model-joint MIX{GTR20+F10} --init-exchange GTRPMIX -mdef example_output/Qplant.F8.GTRPMIX.nex --prefix example_output/Qplant.F10
Seed:    81878 (Using SPRNG - Scalable Parallel Random Number Generator)
Time:    Fri Sep 13 17:39:47 2024
Kernel:  AVX+FMA - 52 threads (256 CPU cores detected)

Reading partition model file example_output/Q1F1.best_model.nex ...

Loading 10 partitions...
Reading alignment file example_genes/GENE_4471.nex ... Nexus format detected
Alignment has 11 sequences with 493 columns, 342 distinct patterns
199 parsimony-informative, 117 singleton sites, 177 constant sites
              Gap/Ambiguity  Composition  p-value
Analyzing sequences: done in 9.01595e-05 secs using 90.95% CPU
   1  ODDO            0.20%    passed     99.96%
   2  AAXJ            1.22%    passed     99.96%
   3  AUGV            1.01%    passed     99.99%
   4  Arath_TAIR10    2.03%    passed     96.26%
   5  Musac_v1.0      0.61%    passed     99.90%
   6  URDJ            2.03%    passed     95.77%
   7  YFZK           12.17%    passed     99.40%
   8  PIVW            4.67%    passed     99.81%
   9  Chlre_v5.5      3.25%    failed      0.05%
  10  JOJQ            3.45%    passed     69.44%
  11  BPKH            1.42%    passed    100.00%
****  TOTAL           2.91%  1 sequences failed composition chi2 test (p-value<5%; df=19)
Reading alignment file example_genes/GENE_4519.nex ... Nexus format detected
WARNING: 1 sites contain only gaps or ambiguous characters.
Alignment has 10 sequences with 817 columns, 658 distinct patterns
250 parsimony-informative, 305 singleton sites, 262 constant sites
              Gap/Ambiguity  Composition  p-value
Analyzing sequences: done in 0.00011044 secs using 95.98% CPU
   1  ODDO           28.15%    passed     94.85%
   2  AAXJ            3.92%    passed     67.51%
   3  AUGV           59.49%    passed     94.88%
   4  Arath_TAIR10    2.33%    passed     57.14%
   5  Musac_v1.0     22.03%    passed     93.19%
   6  URDJ           25.09%    passed     84.87%
   7  PIVW           37.21%    passed     37.23%
   8  Chlre_v5.5     16.28%    failed      0.00%
   9  JOJQ           17.63%    failed      0.00%
  10  BPKH           27.66%    passed     89.01%
WARNING: 1 sequences contain more than 50% gaps/ambiguity
****  TOTAL          23.98%  2 sequences failed composition chi2 test (p-value<5%; df=19)
Reading alignment file example_genes/GENE_4527.nex ... Nexus format detected
Alignment has 9 sequences with 444 columns, 272 distinct patterns
130 parsimony-informative, 124 singleton sites, 190 constant sites
              Gap/Ambiguity  Composition  p-value
Analyzing sequences: done in 6.99311e-05 secs using 95.81% CPU
   1  ODDO            1.58%    passed     99.99%
   2  AUGV            1.35%    passed     99.97%
   3  Arath_TAIR10    0.45%    passed     97.89%
   4  URDJ            0.90%    passed     99.98%
   5  YFZK            2.93%    passed    100.00%
   6  PIVW            4.28%    passed     97.52%
   7  Chlre_v5.5      2.03%    passed     20.11%
   8  JOJQ            1.58%    passed     99.99%
   9  BPKH            0.45%    passed     99.89%
****  TOTAL           1.73%  0 sequences failed composition chi2 test (p-value<5%; df=19)
Reading alignment file example_genes/GENE_4603.nex ... Nexus format detected
WARNING: 5 sites contain only gaps or ambiguous characters.
Alignment has 10 sequences with 836 columns, 757 distinct patterns
330 parsimony-informative, 389 singleton sites, 117 constant sites
            Gap/Ambiguity  Composition  p-value
Analyzing sequences: done in 0.000116952 secs using 96.62% CPU
   1  ODDO          5.98%    passed     89.49%
   2  AAXJ         44.98%    passed     84.64%
   3  AUGV          4.55%    passed     97.58%
   4  Musac_v1.0    7.18%    passed     76.80%
   5  URDJ          5.62%    passed     99.13%
   6  YFZK          4.19%    passed     93.42%
   7  PIVW         11.48%    passed     99.53%
   8  Chlre_v5.5   13.76%    failed      0.00%
   9  JOJQ         48.09%    passed     24.90%
  10  BPKH          7.30%    passed     63.14%
****  TOTAL        15.31%  1 sequences failed composition chi2 test (p-value<5%; df=19)
Reading alignment file example_genes/GENE_4691.nex ... Nexus format detected
WARNING: 4 sites contain only gaps or ambiguous characters.
Alignment has 10 sequences with 233 columns, 163 distinct patterns
62 parsimony-informative, 63 singleton sites, 108 constant sites
              Gap/Ambiguity  Composition  p-value
Analyzing sequences: done in 4.787e-05 secs using 94% CPU
   1  ODDO            6.87%    passed     95.71%
   2  AAXJ            7.30%    passed     99.94%
   3  AUGV           21.89%    passed     99.65%
   4  Arath_TAIR10   21.89%    passed     99.66%
   5  Musac_v1.0     22.32%    passed    100.00%
   6  URDJ           17.17%    passed     99.94%
   7  YFZK            9.87%    passed     99.77%
   8  PIVW           21.03%    passed     96.60%
   9  JOJQ           33.05%    passed     99.45%
  10  BPKH           15.02%    passed     99.61%
****  TOTAL          17.64%  0 sequences failed composition chi2 test (p-value<5%; df=19)
Reading alignment file example_genes/GENE_4724.nex ... Nexus format detected
WARNING: 1 sites contain only gaps or ambiguous characters.
Alignment has 10 sequences with 279 columns, 212 distinct patterns
87 parsimony-informative, 92 singleton sites, 100 constant sites
              Gap/Ambiguity  Composition  p-value
Analyzing sequences: done in 5.69783e-05 secs using 94.77% CPU
   1  ODDO            7.53%    passed     98.36%
   2  AAXJ            5.02%    passed     99.34%
   3  AUGV           14.34%    passed     94.62%
   4  Arath_TAIR10    8.96%    passed     94.30%
   5  Musac_v1.0     12.90%    passed     99.93%
   6  URDJ           17.20%    passed    100.00%
   7  YFZK           16.49%    passed     99.96%
   8  PIVW           16.85%    passed     99.69%
   9  Chlre_v5.5     15.41%    passed     41.93%
  10  JOJQ           16.49%    passed     61.71%
****  TOTAL          13.12%  0 sequences failed composition chi2 test (p-value<5%; df=19)
Reading alignment file example_genes/GENE_4744.nex ... Nexus format detected
WARNING: 2 sites contain only gaps or ambiguous characters.
Alignment has 11 sequences with 547 columns, 453 distinct patterns
199 parsimony-informative, 208 singleton sites, 140 constant sites
              Gap/Ambiguity  Composition  p-value
Analyzing sequences: done in 9.36352e-05 secs using 97.19% CPU
   1  ODDO            5.12%    passed     94.04%
   2  AAXJ            2.93%    passed     99.79%
   3  AUGV            2.56%    passed     99.71%
   4  Arath_TAIR10    2.19%    passed     89.19%
   5  Musac_v1.0     10.97%    passed     99.95%
   6  URDJ            2.19%    passed    100.00%
   7  YFZK            3.29%    passed     97.48%
   8  PIVW           59.05%    passed     96.80%
   9  Chlre_v5.5     57.40%    failed      0.00%
  10  JOJQ           51.37%    passed      9.31%
  11  BPKH            7.13%    passed     99.60%
WARNING: 3 sequences contain more than 50% gaps/ambiguity
****  TOTAL          18.56%  1 sequences failed composition chi2 test (p-value<5%; df=19)
Reading alignment file example_genes/GENE_4757.nex ... Nexus format detected
WARNING: 12 sites contain only gaps or ambiguous characters.
Alignment has 8 sequences with 239 columns, 145 distinct patterns
46 parsimony-informative, 72 singleton sites, 121 constant sites
            Gap/Ambiguity  Composition  p-value
Analyzing sequences: done in 4.22001e-05 secs using 94.79% CPU
   1  ODDO         12.55%    passed     99.93%
   2  AAXJ         11.72%    passed    100.00%
   3  URDJ          9.21%    passed     99.86%
   4  YFZK         15.06%    passed     99.99%
   5  PIVW         15.90%    passed     99.99%
   6  Chlre_v5.5   11.72%    passed     99.54%
   7  JOJQ         16.74%    passed     98.97%
   8  BPKH         11.30%    passed    100.00%
****  TOTAL        13.02%  0 sequences failed composition chi2 test (p-value<5%; df=19)
Reading alignment file example_genes/GENE_4793.nex ... Nexus format detected
WARNING: 1 sites contain only gaps or ambiguous characters.
Alignment has 10 sequences with 907 columns, 842 distinct patterns
406 parsimony-informative, 388 singleton sites, 113 constant sites
            Gap/Ambiguity  Composition  p-value
Analyzing sequences: done in 0.00014798 secs using 97.99% CPU
   1  ODDO         12.46%    passed     51.57%
   2  AAXJ         11.36%    passed     85.34%
   3  AUGV         16.65%    passed     71.32%
   4  Musac_v1.0   12.90%    passed     71.24%
   5  URDJ          9.70%    passed     92.28%
   6  YFZK         11.80%    passed     17.42%
   7  PIVW         31.42%    passed     73.60%
   8  Chlre_v5.5   17.75%    failed      0.00%
   9  JOJQ          6.95%    failed      0.02%
  10  BPKH         12.79%    passed     94.80%
****  TOTAL        14.38%  2 sequences failed composition chi2 test (p-value<5%; df=19)
Reading alignment file example_genes/GENE_4796.nex ... Nexus format detected
WARNING: 3 sites contain only gaps or ambiguous characters.
Alignment has 10 sequences with 382 columns, 293 distinct patterns
126 parsimony-informative, 112 singleton sites, 144 constant sites
              Gap/Ambiguity  Composition  p-value
Analyzing sequences: done in 6.67386e-05 secs using 95.9% CPU
   1  ODDO           10.21%    passed     82.32%
   2  AAXJ           10.73%    passed     99.36%
   3  AUGV            7.33%    passed    100.00%
   4  Arath_TAIR10    9.42%    passed     98.12%
   5  Musac_v1.0      7.33%    passed     99.49%
   6  URDJ            8.38%    passed     99.61%
   7  YFZK            6.28%    passed     98.98%
   8  PIVW           15.45%    passed     98.08%
   9  JOJQ           33.25%    passed     52.77%
  10  BPKH           28.53%    passed     98.42%
****  TOTAL          13.69%  0 sequences failed composition chi2 test (p-value<5%; df=19)
Subset	Type	Seqs	Sites	Infor	Invar	Model	Name
1	AA	11	493	199	177	LG+I{0.231117}+G4{1.37705}	GENE_4471.nex
2	AA	10	817	250	262	LG+F+G4{0.599251}	GENE_4519.nex
3	AA	9	444	130	190	LG+G4{0.503033}	GENE_4527.nex
4	AA	10	836	330	117	JTT+G4{0.957846}	GENE_4603.nex
5	AA	10	233	62	108	LG+G4{0.454442}	GENE_4691.nex
6	AA	10	279	87	100	WAG+G4{0.539945}	GENE_4724.nex
7	AA	11	547	199	140	JTT+G4{1.0101}	GENE_4744.nex
8	AA	8	239	46	121	JTT+G4{0.445429}	GENE_4757.nex
9	AA	10	907	406	113	JTT+G4{1.04145}	GENE_4793.nex
10	AA	10	382	126	144	LG+G4{0.442575}	GENE_4796.nex
Linked 11 total sequences
The number of threads is changed to: 10
Reading model definition file example_output/Qplant.F8.GTRPMIX.nex ... 87 models and 214 frequency vectors loaded
Reading input tree file example_output/Q1F1.treefile ...
Linking MIX{GTR20+FO,GTR20+FO,GTR20+FO,GTR20+FO,GTR20+FO,GTR20+FO,GTR20+FO,GTR20+FO,GTR20+FO,GTR20+FO} model across 10 partitions
Mean state frequencies: 0.08136866 0.05113381 0.03561145 0.05959237 0.01912175 0.03624134 0.06076217 0.07250517 0.02506074 0.05032394 0.10393232 0.05599298 0.02065149 0.04170791 0.04476739 0.08701520 0.04494736 0.01154054 0.02643301 0.07129038

NOTE: 271 MB RAM (0 GB) is required!
Estimate model parameters (epsilon = 0.010)
Partition GENE_4757.nex / Model: MIX{GTR20+FO,GTR20+FO,GTR20+FO,GTR20+FO,GTR20+FO,GTR20+FO,GTR20+FO,GTR20+FO,GTR20+FO,GTR20+FO}+G4 / df: 13 / LogL: -1899.250
Partition GENE_4691.nex / Model: MIX{GTR20+FO,GTR20+FO,GTR20+FO,GTR20+FO,GTR20+FO,GTR20+FO,GTR20+FO,GTR20+FO,GTR20+FO,GTR20+FO}+G4 / df: 17 / LogL: -2217.842
Partition GENE_4527.nex / Model: MIX{GTR20+FO,GTR20+FO,GTR20+FO,GTR20+FO,GTR20+FO,GTR20+FO,GTR20+FO,GTR20+FO,GTR20+FO,GTR20+FO}+G4 / df: 15 / LogL: -4428.118
Partition GENE_4724.nex / Model: MIX{GTR20+FO,GTR20+FO,GTR20+FO,GTR20+FO,GTR20+FO,GTR20+FO,GTR20+FO,GTR20+FO,GTR20+FO,GTR20+FO}+G4 / df: 17 / LogL: -3215.043
Partition GENE_4796.nex / Model: MIX{GTR20+FO,GTR20+FO,GTR20+FO,GTR20+FO,GTR20+FO,GTR20+FO,GTR20+FO,GTR20+FO,GTR20+FO,GTR20+FO}+G4 / df: 17 / LogL: -4349.093
Partition GENE_4471.nex / Model: MIX{GTR20+FO,GTR20+FO,GTR20+FO,GTR20+FO,GTR20+FO,GTR20+FO,GTR20+FO,GTR20+FO,GTR20+FO,GTR20+FO}+I+G4 / df: 19 / LogL: -6047.679
Partition GENE_4744.nex / Model: MIX{GTR20+FO,GTR20+FO,GTR20+FO,GTR20+FO,GTR20+FO,GTR20+FO,GTR20+FO,GTR20+FO,GTR20+FO,GTR20+FO}+G4 / df: 19 / LogL: -6472.863
Partition GENE_4519.nex / Model: MIX{GTR20+FO,GTR20+FO,GTR20+FO,GTR20+FO,GTR20+FO,GTR20+FO,GTR20+FO,GTR20+FO,GTR20+FO,GTR20+FO}+G4 / df: 17 / LogL: -9582.231
Partition GENE_4793.nex / Model: MIX{GTR20+FO,GTR20+FO,GTR20+FO,GTR20+FO,GTR20+FO,GTR20+FO,GTR20+FO,GTR20+FO,GTR20+FO,GTR20+FO}+G4 / df: 17 / LogL: -13592.022
Partition GENE_4603.nex / Model: MIX{GTR20+FO,GTR20+FO,GTR20+FO,GTR20+FO,GTR20+FO,GTR20+FO,GTR20+FO,GTR20+FO,GTR20+FO,GTR20+FO}+G4 / df: 17 / LogL: -12084.748
1. Log-likelihood: -63888.890
Optimizing linked MIX{GTR20+FO,GTR20+FO,GTR20+FO,GTR20+FO,GTR20+FO,GTR20+FO,GTR20+FO,GTR20+FO,GTR20+FO,GTR20+FO} parameters across all partitions (388 free parameters)
Restart estimation at the boundary... 
1. Log-likelihood: -63844.392
Partition GENE_4724.nex / Model: MIX{GTR20+FO,GTR20+FO,GTR20+FO,GTR20+FO,GTR20+FO,GTR20+FO,GTR20+FO,GTR20+FO,GTR20+FO,GTR20+FO}+G4 / df: 17 / LogL: -3213.613
Partition GENE_4757.nex / Model: MIX{GTR20+FO,GTR20+FO,GTR20+FO,GTR20+FO,GTR20+FO,GTR20+FO,GTR20+FO,GTR20+FO,GTR20+FO,GTR20+FO}+G4 / df: 13 / LogL: -1899.018
Partition GENE_4691.nex / Model: MIX{GTR20+FO,GTR20+FO,GTR20+FO,GTR20+FO,GTR20+FO,GTR20+FO,GTR20+FO,GTR20+FO,GTR20+FO,GTR20+FO}+G4 / df: 17 / LogL: -2220.503
Partition GENE_4527.nex / Model: MIX{GTR20+FO,GTR20+FO,GTR20+FO,GTR20+FO,GTR20+FO,GTR20+FO,GTR20+FO,GTR20+FO,GTR20+FO,GTR20+FO}+G4 / df: 15 / LogL: -4422.496
Partition GENE_4796.nex / Model: MIX{GTR20+FO,GTR20+FO,GTR20+FO,GTR20+FO,GTR20+FO,GTR20+FO,GTR20+FO,GTR20+FO,GTR20+FO,GTR20+FO}+G4 / df: 17 / LogL: -4348.255
Partition GENE_4471.nex / Model: MIX{GTR20+FO,GTR20+FO,GTR20+FO,GTR20+FO,GTR20+FO,GTR20+FO,GTR20+FO,GTR20+FO,GTR20+FO,GTR20+FO}+I+G4 / df: 19 / LogL: -6041.435
Partition GENE_4744.nex / Model: MIX{GTR20+FO,GTR20+FO,GTR20+FO,GTR20+FO,GTR20+FO,GTR20+FO,GTR20+FO,GTR20+FO,GTR20+FO,GTR20+FO}+G4 / df: 19 / LogL: -6478.772
Partition GENE_4519.nex / Model: MIX{GTR20+FO,GTR20+FO,GTR20+FO,GTR20+FO,GTR20+FO,GTR20+FO,GTR20+FO,GTR20+FO,GTR20+FO,GTR20+FO}+G4 / df: 17 / LogL: -9565.064
Partition GENE_4793.nex / Model: MIX{GTR20+FO,GTR20+FO,GTR20+FO,GTR20+FO,GTR20+FO,GTR20+FO,GTR20+FO,GTR20+FO,GTR20+FO,GTR20+FO}+G4 / df: 17 / LogL: -13583.648
Partition GENE_4603.nex / Model: MIX{GTR20+FO,GTR20+FO,GTR20+FO,GTR20+FO,GTR20+FO,GTR20+FO,GTR20+FO,GTR20+FO,GTR20+FO,GTR20+FO}+G4 / df: 17 / LogL: -12071.371
2. Log-likelihood: -63844.173
Optimizing linked MIX{GTR20+FO,GTR20+FO,GTR20+FO,GTR20+FO,GTR20+FO,GTR20+FO,GTR20+FO,GTR20+FO,GTR20+FO,GTR20+FO} parameters across all partitions (388 free parameters)
Restart estimation at the boundary... 
2. Log-likelihood: -63837.956
Partition GENE_4757.nex / Model: MIX{GTR20+FO,GTR20+FO,GTR20+FO,GTR20+FO,GTR20+FO,GTR20+FO,GTR20+FO,GTR20+FO,GTR20+FO,GTR20+FO}+G4 / df: 13 / LogL: -1901.219
Partition GENE_4527.nex / Model: MIX{GTR20+FO,GTR20+FO,GTR20+FO,GTR20+FO,GTR20+FO,GTR20+FO,GTR20+FO,GTR20+FO,GTR20+FO,GTR20+FO}+G4 / df: 15 / LogL: -4429.637
Partition GENE_4691.nex / Model: MIX{GTR20+FO,GTR20+FO,GTR20+FO,GTR20+FO,GTR20+FO,GTR20+FO,GTR20+FO,GTR20+FO,GTR20+FO,GTR20+FO}+G4 / df: 17 / LogL: -2220.616
Partition GENE_4724.nex / Model: MIX{GTR20+FO,GTR20+FO,GTR20+FO,GTR20+FO,GTR20+FO,GTR20+FO,GTR20+FO,GTR20+FO,GTR20+FO,GTR20+FO}+G4 / df: 17 / LogL: -3214.188
Partition GENE_4796.nex / Model: MIX{GTR20+FO,GTR20+FO,GTR20+FO,GTR20+FO,GTR20+FO,GTR20+FO,GTR20+FO,GTR20+FO,GTR20+FO,GTR20+FO}+G4 / df: 17 / LogL: -4352.587
Partition GENE_4471.nex / Model: MIX{GTR20+FO,GTR20+FO,GTR20+FO,GTR20+FO,GTR20+FO,GTR20+FO,GTR20+FO,GTR20+FO,GTR20+FO,GTR20+FO}+I+G4 / df: 19 / LogL: -6041.915
Partition GENE_4744.nex / Model: MIX{GTR20+FO,GTR20+FO,GTR20+FO,GTR20+FO,GTR20+FO,GTR20+FO,GTR20+FO,GTR20+FO,GTR20+FO,GTR20+FO}+G4 / df: 19 / LogL: -6478.694
Partition GENE_4519.nex / Model: MIX{GTR20+FO,GTR20+FO,GTR20+FO,GTR20+FO,GTR20+FO,GTR20+FO,GTR20+FO,GTR20+FO,GTR20+FO,GTR20+FO}+G4 / df: 17 / LogL: -9558.351
Partition GENE_4793.nex / Model: MIX{GTR20+FO,GTR20+FO,GTR20+FO,GTR20+FO,GTR20+FO,GTR20+FO,GTR20+FO,GTR20+FO,GTR20+FO,GTR20+FO}+G4 / df: 17 / LogL: -13580.213
Partition GENE_4603.nex / Model: MIX{GTR20+FO,GTR20+FO,GTR20+FO,GTR20+FO,GTR20+FO,GTR20+FO,GTR20+FO,GTR20+FO,GTR20+FO,GTR20+FO}+G4 / df: 17 / LogL: -12060.312
3. Log-likelihood: -63837.732
Optimizing linked MIX{GTR20+FO,GTR20+FO,GTR20+FO,GTR20+FO,GTR20+FO,GTR20+FO,GTR20+FO,GTR20+FO,GTR20+FO,GTR20+FO} parameters across all partitions (388 free parameters)
Restart estimation at the boundary... 
Restart estimation at the boundary... 
3. Log-likelihood: -63792.926
Partition GENE_4757.nex / Model: MIX{GTR20+FO,GTR20+FO,GTR20+FO,GTR20+FO,GTR20+FO,GTR20+FO,GTR20+FO,GTR20+FO,GTR20+FO,GTR20+FO}+G4 / df: 13 / LogL: -1897.431
Partition GENE_4691.nex / Model: MIX{GTR20+FO,GTR20+FO,GTR20+FO,GTR20+FO,GTR20+FO,GTR20+FO,GTR20+FO,GTR20+FO,GTR20+FO,GTR20+FO}+G4 / df: 17 / LogL: -2222.452
Partition GENE_4724.nex / Model: MIX{GTR20+FO,GTR20+FO,GTR20+FO,GTR20+FO,GTR20+FO,GTR20+FO,GTR20+FO,GTR20+FO,GTR20+FO,GTR20+FO}+G4 / df: 17 / LogL: -3212.768
Partition GENE_4796.nex / Model: MIX{GTR20+FO,GTR20+FO,GTR20+FO,GTR20+FO,GTR20+FO,GTR20+FO,GTR20+FO,GTR20+FO,GTR20+FO,GTR20+FO}+G4 / df: 17 / LogL: -4348.339
Partition GENE_4527.nex / Model: MIX{GTR20+FO,GTR20+FO,GTR20+FO,GTR20+FO,GTR20+FO,GTR20+FO,GTR20+FO,GTR20+FO,GTR20+FO,GTR20+FO}+G4 / df: 15 / LogL: -4419.370
Partition GENE_4471.nex / Model: MIX{GTR20+FO,GTR20+FO,GTR20+FO,GTR20+FO,GTR20+FO,GTR20+FO,GTR20+FO,GTR20+FO,GTR20+FO,GTR20+FO}+I+G4 / df: 19 / LogL: -6032.438
Partition GENE_4744.nex / Model: MIX{GTR20+FO,GTR20+FO,GTR20+FO,GTR20+FO,GTR20+FO,GTR20+FO,GTR20+FO,GTR20+FO,GTR20+FO,GTR20+FO}+G4 / df: 19 / LogL: -6456.578
Partition GENE_4519.nex / Model: MIX{GTR20+FO,GTR20+FO,GTR20+FO,GTR20+FO,GTR20+FO,GTR20+FO,GTR20+FO,GTR20+FO,GTR20+FO,GTR20+FO}+G4 / df: 17 / LogL: -9552.109
Partition GENE_4793.nex / Model: MIX{GTR20+FO,GTR20+FO,GTR20+FO,GTR20+FO,GTR20+FO,GTR20+FO,GTR20+FO,GTR20+FO,GTR20+FO,GTR20+FO}+G4 / df: 17 / LogL: -13575.692
Partition GENE_4603.nex / Model: MIX{GTR20+FO,GTR20+FO,GTR20+FO,GTR20+FO,GTR20+FO,GTR20+FO,GTR20+FO,GTR20+FO,GTR20+FO,GTR20+FO}+G4 / df: 17 / LogL: -12074.982
4. Log-likelihood: -63792.159
Optimizing linked MIX{GTR20+FO,GTR20+FO,GTR20+FO,GTR20+FO,GTR20+FO,GTR20+FO,GTR20+FO,GTR20+FO,GTR20+FO,GTR20+FO} parameters across all partitions (388 free parameters)
Restart estimation at the boundary... 
Restart estimation at the boundary... 
4. Log-likelihood: -63664.478
Partition GENE_4757.nex / Model: MIX{GTR20+FO,GTR20+FO,GTR20+FO,GTR20+FO,GTR20+FO,GTR20+FO,GTR20+FO,GTR20+FO,GTR20+FO,GTR20+FO}+G4 / df: 13 / LogL: -1893.385
Partition GENE_4691.nex / Model: MIX{GTR20+FO,GTR20+FO,GTR20+FO,GTR20+FO,GTR20+FO,GTR20+FO,GTR20+FO,GTR20+FO,GTR20+FO,GTR20+FO}+G4 / df: 17 / LogL: -2205.053
Partition GENE_4527.nex / Model: MIX{GTR20+FO,GTR20+FO,GTR20+FO,GTR20+FO,GTR20+FO,GTR20+FO,GTR20+FO,GTR20+FO,GTR20+FO,GTR20+FO}+G4 / df: 15 / LogL: -4405.187
Partition GENE_4724.nex / Model: MIX{GTR20+FO,GTR20+FO,GTR20+FO,GTR20+FO,GTR20+FO,GTR20+FO,GTR20+FO,GTR20+FO,GTR20+FO,GTR20+FO}+G4 / df: 17 / LogL: -3206.097
Partition GENE_4796.nex / Model: MIX{GTR20+FO,GTR20+FO,GTR20+FO,GTR20+FO,GTR20+FO,GTR20+FO,GTR20+FO,GTR20+FO,GTR20+FO,GTR20+FO}+G4 / df: 17 / LogL: -4341.453
Partition GENE_4471.nex / Model: MIX{GTR20+FO,GTR20+FO,GTR20+FO,GTR20+FO,GTR20+FO,GTR20+FO,GTR20+FO,GTR20+FO,GTR20+FO,GTR20+FO}+I+G4 / df: 19 / LogL: -6010.137
Partition GENE_4744.nex / Model: MIX{GTR20+FO,GTR20+FO,GTR20+FO,GTR20+FO,GTR20+FO,GTR20+FO,GTR20+FO,GTR20+FO,GTR20+FO,GTR20+FO}+G4 / df: 19 / LogL: -6462.745
Partition GENE_4519.nex / Model: MIX{GTR20+FO,GTR20+FO,GTR20+FO,GTR20+FO,GTR20+FO,GTR20+FO,GTR20+FO,GTR20+FO,GTR20+FO,GTR20+FO}+G4 / df: 17 / LogL: -9525.811
Partition GENE_4793.nex / Model: MIX{GTR20+FO,GTR20+FO,GTR20+FO,GTR20+FO,GTR20+FO,GTR20+FO,GTR20+FO,GTR20+FO,GTR20+FO,GTR20+FO}+G4 / df: 17 / LogL: -13556.808
Partition GENE_4603.nex / Model: MIX{GTR20+FO,GTR20+FO,GTR20+FO,GTR20+FO,GTR20+FO,GTR20+FO,GTR20+FO,GTR20+FO,GTR20+FO,GTR20+FO}+G4 / df: 17 / LogL: -12053.531
5. Log-likelihood: -63660.206
Optimizing linked MIX{GTR20+FO,GTR20+FO,GTR20+FO,GTR20+FO,GTR20+FO,GTR20+FO,GTR20+FO,GTR20+FO,GTR20+FO,GTR20+FO} parameters across all partitions (388 free parameters)
Restart estimation at the boundary... 
5. Log-likelihood: -63598.065
Partition GENE_4757.nex / Model: MIX{GTR20+FO,GTR20+FO,GTR20+FO,GTR20+FO,GTR20+FO,GTR20+FO,GTR20+FO,GTR20+FO,GTR20+FO,GTR20+FO}+G4 / df: 13 / LogL: -1890.238
Partition GENE_4691.nex / Model: MIX{GTR20+FO,GTR20+FO,GTR20+FO,GTR20+FO,GTR20+FO,GTR20+FO,GTR20+FO,GTR20+FO,GTR20+FO,GTR20+FO}+G4 / df: 17 / LogL: -2203.188
Partition GENE_4527.nex / Model: MIX{GTR20+FO,GTR20+FO,GTR20+FO,GTR20+FO,GTR20+FO,GTR20+FO,GTR20+FO,GTR20+FO,GTR20+FO,GTR20+FO}+G4 / df: 15 / LogL: -4397.168
Partition GENE_4471.nex / Model: MIX{GTR20+FO,GTR20+FO,GTR20+FO,GTR20+FO,GTR20+FO,GTR20+FO,GTR20+FO,GTR20+FO,GTR20+FO,GTR20+FO}+I+G4 / df: 19 / LogL: -6001.979
Partition GENE_4724.nex / Model: MIX{GTR20+FO,GTR20+FO,GTR20+FO,GTR20+FO,GTR20+FO,GTR20+FO,GTR20+FO,GTR20+FO,GTR20+FO,GTR20+FO}+G4 / df: 17 / LogL: -3199.307
Partition GENE_4796.nex / Model: MIX{GTR20+FO,GTR20+FO,GTR20+FO,GTR20+FO,GTR20+FO,GTR20+FO,GTR20+FO,GTR20+FO,GTR20+FO,GTR20+FO}+G4 / df: 17 / LogL: -4335.373
Partition GENE_4744.nex / Model: MIX{GTR20+FO,GTR20+FO,GTR20+FO,GTR20+FO,GTR20+FO,GTR20+FO,GTR20+FO,GTR20+FO,GTR20+FO,GTR20+FO}+G4 / df: 19 / LogL: -6463.915
Partition GENE_4519.nex / Model: MIX{GTR20+FO,GTR20+FO,GTR20+FO,GTR20+FO,GTR20+FO,GTR20+FO,GTR20+FO,GTR20+FO,GTR20+FO,GTR20+FO}+G4 / df: 17 / LogL: -9517.372
Partition GENE_4793.nex / Model: MIX{GTR20+FO,GTR20+FO,GTR20+FO,GTR20+FO,GTR20+FO,GTR20+FO,GTR20+FO,GTR20+FO,GTR20+FO,GTR20+FO}+G4 / df: 17 / LogL: -13544.139
Partition GENE_4603.nex / Model: MIX{GTR20+FO,GTR20+FO,GTR20+FO,GTR20+FO,GTR20+FO,GTR20+FO,GTR20+FO,GTR20+FO,GTR20+FO,GTR20+FO}+G4 / df: 17 / LogL: -12044.106
6. Log-likelihood: -63596.786
Optimizing linked MIX{GTR20+FO,GTR20+FO,GTR20+FO,GTR20+FO,GTR20+FO,GTR20+FO,GTR20+FO,GTR20+FO,GTR20+FO,GTR20+FO} parameters across all partitions (388 free parameters)
Restart estimation at the boundary... 
6. Log-likelihood: -63524.077
Partition GENE_4757.nex / Model: MIX{GTR20+FO,GTR20+FO,GTR20+FO,GTR20+FO,GTR20+FO,GTR20+FO,GTR20+FO,GTR20+FO,GTR20+FO,GTR20+FO}+G4 / df: 13 / LogL: -1892.710
Partition GENE_4691.nex / Model: MIX{GTR20+FO,GTR20+FO,GTR20+FO,GTR20+FO,GTR20+FO,GTR20+FO,GTR20+FO,GTR20+FO,GTR20+FO,GTR20+FO}+G4 / df: 17 / LogL: -2208.328
Partition GENE_4527.nex / Model: MIX{GTR20+FO,GTR20+FO,GTR20+FO,GTR20+FO,GTR20+FO,GTR20+FO,GTR20+FO,GTR20+FO,GTR20+FO,GTR20+FO}+G4 / df: 15 / LogL: -4390.003
Partition GENE_4724.nex / Model: MIX{GTR20+FO,GTR20+FO,GTR20+FO,GTR20+FO,GTR20+FO,GTR20+FO,GTR20+FO,GTR20+FO,GTR20+FO,GTR20+FO}+G4 / df: 17 / LogL: -3201.077
Partition GENE_4471.nex / Model: MIX{GTR20+FO,GTR20+FO,GTR20+FO,GTR20+FO,GTR20+FO,GTR20+FO,GTR20+FO,GTR20+FO,GTR20+FO,GTR20+FO}+I+G4 / df: 19 / LogL: -5980.962
Partition GENE_4796.nex / Model: MIX{GTR20+FO,GTR20+FO,GTR20+FO,GTR20+FO,GTR20+FO,GTR20+FO,GTR20+FO,GTR20+FO,GTR20+FO,GTR20+FO}+G4 / df: 17 / LogL: -4327.086
Partition GENE_4744.nex / Model: MIX{GTR20+FO,GTR20+FO,GTR20+FO,GTR20+FO,GTR20+FO,GTR20+FO,GTR20+FO,GTR20+FO,GTR20+FO,GTR20+FO}+G4 / df: 19 / LogL: -6452.083
Partition GENE_4603.nex / Model: MIX{GTR20+FO,GTR20+FO,GTR20+FO,GTR20+FO,GTR20+FO,GTR20+FO,GTR20+FO,GTR20+FO,GTR20+FO,GTR20+FO}+G4 / df: 17 / LogL: -12058.429
Partition GENE_4519.nex / Model: MIX{GTR20+FO,GTR20+FO,GTR20+FO,GTR20+FO,GTR20+FO,GTR20+FO,GTR20+FO,GTR20+FO,GTR20+FO,GTR20+FO}+G4 / df: 17 / LogL: -9494.462
Partition GENE_4793.nex / Model: MIX{GTR20+FO,GTR20+FO,GTR20+FO,GTR20+FO,GTR20+FO,GTR20+FO,GTR20+FO,GTR20+FO,GTR20+FO,GTR20+FO}+G4 / df: 17 / LogL: -13516.093
7. Log-likelihood: -63521.233
Optimizing linked MIX{GTR20+FO,GTR20+FO,GTR20+FO,GTR20+FO,GTR20+FO,GTR20+FO,GTR20+FO,GTR20+FO,GTR20+FO,GTR20+FO} parameters across all partitions (388 free parameters)
Restart estimation at the boundary... 
Restart estimation at the boundary... 
7. Log-likelihood: -63460.336
Partition GENE_4757.nex / Model: MIX{GTR20+FO,GTR20+FO,GTR20+FO,GTR20+FO,GTR20+FO,GTR20+FO,GTR20+FO,GTR20+FO,GTR20+FO,GTR20+FO}+G4 / df: 13 / LogL: -1888.462
Partition GENE_4527.nex / Model: MIX{GTR20+FO,GTR20+FO,GTR20+FO,GTR20+FO,GTR20+FO,GTR20+FO,GTR20+FO,GTR20+FO,GTR20+FO,GTR20+FO}+G4 / df: 15 / LogL: -4379.404
Partition GENE_4691.nex / Model: MIX{GTR20+FO,GTR20+FO,GTR20+FO,GTR20+FO,GTR20+FO,GTR20+FO,GTR20+FO,GTR20+FO,GTR20+FO,GTR20+FO}+G4 / df: 17 / LogL: -2200.268
Partition GENE_4724.nex / Model: MIX{GTR20+FO,GTR20+FO,GTR20+FO,GTR20+FO,GTR20+FO,GTR20+FO,GTR20+FO,GTR20+FO,GTR20+FO,GTR20+FO}+G4 / df: 17 / LogL: -3195.907
Partition GENE_4796.nex / Model: MIX{GTR20+FO,GTR20+FO,GTR20+FO,GTR20+FO,GTR20+FO,GTR20+FO,GTR20+FO,GTR20+FO,GTR20+FO,GTR20+FO}+G4 / df: 17 / LogL: -4326.252
Partition GENE_4471.nex / Model: MIX{GTR20+FO,GTR20+FO,GTR20+FO,GTR20+FO,GTR20+FO,GTR20+FO,GTR20+FO,GTR20+FO,GTR20+FO,GTR20+FO}+I+G4 / df: 19 / LogL: -5976.472
Partition GENE_4793.nex / Model: MIX{GTR20+FO,GTR20+FO,GTR20+FO,GTR20+FO,GTR20+FO,GTR20+FO,GTR20+FO,GTR20+FO,GTR20+FO,GTR20+FO}+G4 / df: 17 / LogL: -13512.108
Partition GENE_4519.nex / Model: MIX{GTR20+FO,GTR20+FO,GTR20+FO,GTR20+FO,GTR20+FO,GTR20+FO,GTR20+FO,GTR20+FO,GTR20+FO,GTR20+FO}+G4 / df: 17 / LogL: -9491.498
Partition GENE_4744.nex / Model: MIX{GTR20+FO,GTR20+FO,GTR20+FO,GTR20+FO,GTR20+FO,GTR20+FO,GTR20+FO,GTR20+FO,GTR20+FO,GTR20+FO}+G4 / df: 19 / LogL: -6446.584
Partition GENE_4603.nex / Model: MIX{GTR20+FO,GTR20+FO,GTR20+FO,GTR20+FO,GTR20+FO,GTR20+FO,GTR20+FO,GTR20+FO,GTR20+FO,GTR20+FO}+G4 / df: 17 / LogL: -12042.623
8. Log-likelihood: -63459.578
Optimizing linked MIX{GTR20+FO,GTR20+FO,GTR20+FO,GTR20+FO,GTR20+FO,GTR20+FO,GTR20+FO,GTR20+FO,GTR20+FO,GTR20+FO} parameters across all partitions (388 free parameters)
Restart estimation at the boundary... 
8. Log-likelihood: -63440.257
Partition GENE_4757.nex / Model: MIX{GTR20+FO,GTR20+FO,GTR20+FO,GTR20+FO,GTR20+FO,GTR20+FO,GTR20+FO,GTR20+FO,GTR20+FO,GTR20+FO}+G4 / df: 13 / LogL: -1888.074
Partition GENE_4691.nex / Model: MIX{GTR20+FO,GTR20+FO,GTR20+FO,GTR20+FO,GTR20+FO,GTR20+FO,GTR20+FO,GTR20+FO,GTR20+FO,GTR20+FO}+G4 / df: 17 / LogL: -2198.516
Partition GENE_4724.nex / Model: MIX{GTR20+FO,GTR20+FO,GTR20+FO,GTR20+FO,GTR20+FO,GTR20+FO,GTR20+FO,GTR20+FO,GTR20+FO,GTR20+FO}+G4 / df: 17 / LogL: -3196.571
Partition GENE_4527.nex / Model: MIX{GTR20+FO,GTR20+FO,GTR20+FO,GTR20+FO,GTR20+FO,GTR20+FO,GTR20+FO,GTR20+FO,GTR20+FO,GTR20+FO}+G4 / df: 15 / LogL: -4382.620
Partition GENE_4796.nex / Model: MIX{GTR20+FO,GTR20+FO,GTR20+FO,GTR20+FO,GTR20+FO,GTR20+FO,GTR20+FO,GTR20+FO,GTR20+FO,GTR20+FO}+G4 / df: 17 / LogL: -4324.012
Partition GENE_4471.nex / Model: MIX{GTR20+FO,GTR20+FO,GTR20+FO,GTR20+FO,GTR20+FO,GTR20+FO,GTR20+FO,GTR20+FO,GTR20+FO,GTR20+FO}+I+G4 / df: 19 / LogL: -5978.159
Partition GENE_4744.nex / Model: MIX{GTR20+FO,GTR20+FO,GTR20+FO,GTR20+FO,GTR20+FO,GTR20+FO,GTR20+FO,GTR20+FO,GTR20+FO,GTR20+FO}+G4 / df: 19 / LogL: -6446.084
Partition GENE_4603.nex / Model: MIX{GTR20+FO,GTR20+FO,GTR20+FO,GTR20+FO,GTR20+FO,GTR20+FO,GTR20+FO,GTR20+FO,GTR20+FO,GTR20+FO}+G4 / df: 17 / LogL: -12035.125
Partition GENE_4793.nex / Model: MIX{GTR20+FO,GTR20+FO,GTR20+FO,GTR20+FO,GTR20+FO,GTR20+FO,GTR20+FO,GTR20+FO,GTR20+FO,GTR20+FO}+G4 / df: 17 / LogL: -13504.050
Partition GENE_4519.nex / Model: MIX{GTR20+FO,GTR20+FO,GTR20+FO,GTR20+FO,GTR20+FO,GTR20+FO,GTR20+FO,GTR20+FO,GTR20+FO,GTR20+FO}+G4 / df: 17 / LogL: -9486.743
9. Log-likelihood: -63439.953
Optimizing linked MIX{GTR20+FO,GTR20+FO,GTR20+FO,GTR20+FO,GTR20+FO,GTR20+FO,GTR20+FO,GTR20+FO,GTR20+FO,GTR20+FO} parameters across all partitions (388 free parameters)
Restart estimation at the boundary... 
9. Log-likelihood: -63430.340
Partition GENE_4757.nex / Model: MIX{GTR20+FO,GTR20+FO,GTR20+FO,GTR20+FO,GTR20+FO,GTR20+FO,GTR20+FO,GTR20+FO,GTR20+FO,GTR20+FO}+G4 / df: 13 / LogL: -1887.073
Partition GENE_4691.nex / Model: MIX{GTR20+FO,GTR20+FO,GTR20+FO,GTR20+FO,GTR20+FO,GTR20+FO,GTR20+FO,GTR20+FO,GTR20+FO,GTR20+FO}+G4 / df: 17 / LogL: -2199.623
Partition GENE_4724.nex / Model: MIX{GTR20+FO,GTR20+FO,GTR20+FO,GTR20+FO,GTR20+FO,GTR20+FO,GTR20+FO,GTR20+FO,GTR20+FO,GTR20+FO}+G4 / df: 17 / LogL: -3193.475
Partition GENE_4471.nex / Model: MIX{GTR20+FO,GTR20+FO,GTR20+FO,GTR20+FO,GTR20+FO,GTR20+FO,GTR20+FO,GTR20+FO,GTR20+FO,GTR20+FO}+I+G4 / df: 19 / LogL: -5973.697
Partition GENE_4527.nex / Model: MIX{GTR20+FO,GTR20+FO,GTR20+FO,GTR20+FO,GTR20+FO,GTR20+FO,GTR20+FO,GTR20+FO,GTR20+FO,GTR20+FO}+G4 / df: 15 / LogL: -4378.514
Partition GENE_4796.nex / Model: MIX{GTR20+FO,GTR20+FO,GTR20+FO,GTR20+FO,GTR20+FO,GTR20+FO,GTR20+FO,GTR20+FO,GTR20+FO,GTR20+FO}+G4 / df: 17 / LogL: -4323.303
Partition GENE_4744.nex / Model: MIX{GTR20+FO,GTR20+FO,GTR20+FO,GTR20+FO,GTR20+FO,GTR20+FO,GTR20+FO,GTR20+FO,GTR20+FO,GTR20+FO}+G4 / df: 19 / LogL: -6443.243
Partition GENE_4603.nex / Model: MIX{GTR20+FO,GTR20+FO,GTR20+FO,GTR20+FO,GTR20+FO,GTR20+FO,GTR20+FO,GTR20+FO,GTR20+FO,GTR20+FO}+G4 / df: 17 / LogL: -12036.138
Partition GENE_4793.nex / Model: MIX{GTR20+FO,GTR20+FO,GTR20+FO,GTR20+FO,GTR20+FO,GTR20+FO,GTR20+FO,GTR20+FO,GTR20+FO,GTR20+FO}+G4 / df: 17 / LogL: -13505.771
Partition GENE_4519.nex / Model: MIX{GTR20+FO,GTR20+FO,GTR20+FO,GTR20+FO,GTR20+FO,GTR20+FO,GTR20+FO,GTR20+FO,GTR20+FO,GTR20+FO}+G4 / df: 17 / LogL: -9489.289
10. Log-likelihood: -63430.128
Optimizing linked MIX{GTR20+FO,GTR20+FO,GTR20+FO,GTR20+FO,GTR20+FO,GTR20+FO,GTR20+FO,GTR20+FO,GTR20+FO,GTR20+FO} parameters across all partitions (388 free parameters)
Restart estimation at the boundary... 
10. Log-likelihood: -63422.018
Optimal log-likelihood: -63422.018
Mixture weights: 0.100 0.099 0.098 0.099 0.101 0.100 0.101 0.101 0.102 0.100
Wrote distance file to... 
Partition information was printed to example_output/Qplant.F10.best_model.nex
BEST SCORE FOUND : -63422.018
Total tree length: 65.316

Total number of iterations: 0
CPU time used for tree search: 0.000 sec (0h:0m:0s)
Wall-clock time used for tree search: 0.000 sec (0h:0m:0s)
Total CPU time used: 220462.775 sec (61h:14m:22s)
Total wall-clock time used: 19645.632 sec (5h:27m:25s)

Analysis results written to: 
  IQ-TREE report:                example_output/Qplant.F10.iqtree
  Maximum-likelihood tree:       example_output/Qplant.F10.treefile
  Screen log file:               example_output/Qplant.F10.log
  GTRPMIX nex file:              example_output/Qplant.F10.GTRPMIX.nex

Date and Time: Fri Sep 13 23:07:12 2024
